<?xml version="1.0" encoding="UTF-8"?>
<testng-results skipped="0" failed="0" ignored="0" total="3" passed="3">
  <reporter-output>
  </reporter-output>
  <suite name="Default suite" duration-ms="34" started-at="2021-06-03T19:43:05 IST" finished-at="2021-06-03T19:43:05 IST">
    <groups>
    </groups>
    <test name="Default test" duration-ms="34" started-at="2021-06-03T19:43:05 IST" finished-at="2021-06-03T19:43:05 IST">
      <class name="testNg">
        <test-method status="PASS" signature="start()[pri:1, instance:testNg@31dc339b]" name="start" duration-ms="6" started-at="2021-06-03T19:43:05 IST" finished-at="2021-06-03T19:43:05 IST">
          <reporter-output>
          </reporter-output>
        </test-method> <!-- start -->
        <test-method status="PASS" signature="run()[pri:2, instance:testNg@31dc339b]" name="run" duration-ms="1" started-at="2021-06-03T19:43:05 IST" finished-at="2021-06-03T19:43:05 IST">
          <reporter-output>
          </reporter-output>
        </test-method> <!-- run -->
        <test-method status="PASS" signature="stop()[pri:3, instance:testNg@31dc339b]" name="stop" duration-ms="1" started-at="2021-06-03T19:43:05 IST" finished-at="2021-06-03T19:43:05 IST">
          <reporter-output>
          </reporter-output>
        </test-method> <!-- stop -->
      </class> <!-- testNg -->
    </test> <!-- Default test -->
  </suite> <!-- Default suite -->
</testng-results>
