<?xml version="1.0" encoding="UTF-8"?>
<testng-results skipped="0" failed="0" total="6" passed="6">
  <reporter-output>
  </reporter-output>
  <suite name="Suite" duration-ms="29" started-at="2021-06-03T15:51:16Z" finished-at="2021-06-03T15:51:16Z">
    <groups>
    </groups>
    <test name="Test" duration-ms="29" started-at="2021-06-03T15:51:16Z" finished-at="2021-06-03T15:51:16Z">
      <class name="com.training.TestNGwithMaven.SecondTestClass">
        <test-method status="PASS" signature="start()[pri:0, instance:com.training.TestNGwithMaven.SecondTestClass@6b1274d2]" name="start" duration-ms="1" started-at="2021-06-03T21:21:16Z" finished-at="2021-06-03T21:21:16Z">
          <reporter-output>
          </reporter-output>
        </test-method> <!-- start -->
        <test-method status="PASS" signature="run()[pri:0, instance:com.training.TestNGwithMaven.SecondTestClass@6b1274d2]" name="run" duration-ms="7" started-at="2021-06-03T21:21:16Z" finished-at="2021-06-03T21:21:16Z">
          <reporter-output>
          </reporter-output>
        </test-method> <!-- run -->
        <test-method status="PASS" signature="stop()[pri:0, instance:com.training.TestNGwithMaven.SecondTestClass@6b1274d2]" name="stop" duration-ms="0" started-at="2021-06-03T21:21:16Z" finished-at="2021-06-03T21:21:16Z">
          <reporter-output>
          </reporter-output>
        </test-method> <!-- stop -->
      </class> <!-- com.training.TestNGwithMaven.SecondTestClass -->
      <class name="com.training.TestNGwithMaven.LoginTests">
        <test-method status="PASS" signature="beforeClass()[pri:0, instance:com.training.TestNGwithMaven.LoginTests@15d9bc04]" name="beforeClass" is-config="true" duration-ms="5" started-at="2021-06-03T21:21:16Z" finished-at="2021-06-03T21:21:16Z">
          <reporter-output>
          </reporter-output>
        </test-method> <!-- beforeClass -->
        <test-method status="PASS" signature="beforeMethod()[pri:0, instance:com.training.TestNGwithMaven.LoginTests@15d9bc04]" name="beforeMethod" is-config="true" duration-ms="1" started-at="2021-06-03T21:21:16Z" finished-at="2021-06-03T21:21:16Z">
          <reporter-output>
          </reporter-output>
        </test-method> <!-- beforeMethod -->
        <test-method status="PASS" signature="start()[pri:0, instance:com.training.TestNGwithMaven.LoginTests@15d9bc04]" name="start" duration-ms="3" started-at="2021-06-03T21:21:16Z" finished-at="2021-06-03T21:21:16Z">
          <reporter-output>
          </reporter-output>
        </test-method> <!-- start -->
        <test-method status="PASS" signature="afterMethod()[pri:0, instance:com.training.TestNGwithMaven.LoginTests@15d9bc04]" name="afterMethod" is-config="true" duration-ms="1" started-at="2021-06-03T21:21:16Z" finished-at="2021-06-03T21:21:16Z">
          <reporter-output>
          </reporter-output>
        </test-method> <!-- afterMethod -->
        <test-method status="PASS" signature="beforeMethod()[pri:0, instance:com.training.TestNGwithMaven.LoginTests@15d9bc04]" name="beforeMethod" is-config="true" duration-ms="1" started-at="2021-06-03T21:21:16Z" finished-at="2021-06-03T21:21:16Z">
          <reporter-output>
          </reporter-output>
        </test-method> <!-- beforeMethod -->
        <test-method status="PASS" signature="run()[pri:0, instance:com.training.TestNGwithMaven.LoginTests@15d9bc04]" name="run" duration-ms="0" started-at="2021-06-03T21:21:16Z" finished-at="2021-06-03T21:21:16Z">
          <reporter-output>
          </reporter-output>
        </test-method> <!-- run -->
        <test-method status="PASS" signature="afterMethod()[pri:0, instance:com.training.TestNGwithMaven.LoginTests@15d9bc04]" name="afterMethod" is-config="true" duration-ms="0" started-at="2021-06-03T21:21:16Z" finished-at="2021-06-03T21:21:16Z">
          <reporter-output>
          </reporter-output>
        </test-method> <!-- afterMethod -->
        <test-method status="PASS" signature="beforeMethod()[pri:0, instance:com.training.TestNGwithMaven.LoginTests@15d9bc04]" name="beforeMethod" is-config="true" duration-ms="0" started-at="2021-06-03T21:21:16Z" finished-at="2021-06-03T21:21:16Z">
          <reporter-output>
          </reporter-output>
        </test-method> <!-- beforeMethod -->
        <test-method status="PASS" signature="stop()[pri:0, instance:com.training.TestNGwithMaven.LoginTests@15d9bc04]" name="stop" duration-ms="1" started-at="2021-06-03T21:21:16Z" finished-at="2021-06-03T21:21:16Z">
          <reporter-output>
          </reporter-output>
        </test-method> <!-- stop -->
        <test-method status="PASS" signature="afterClass()[pri:0, instance:com.training.TestNGwithMaven.LoginTests@15d9bc04]" name="afterClass" is-config="true" duration-ms="0" started-at="2021-06-03T21:21:16Z" finished-at="2021-06-03T21:21:16Z">
          <reporter-output>
          </reporter-output>
        </test-method> <!-- afterClass -->
        <test-method status="PASS" signature="afterMethod()[pri:0, instance:com.training.TestNGwithMaven.LoginTests@15d9bc04]" name="afterMethod" is-config="true" duration-ms="0" started-at="2021-06-03T21:21:16Z" finished-at="2021-06-03T21:21:16Z">
          <reporter-output>
          </reporter-output>
        </test-method> <!-- afterMethod -->
      </class> <!-- com.training.TestNGwithMaven.LoginTests -->
    </test> <!-- Test -->
  </suite> <!-- Suite -->
</testng-results>
