<?xml version="1.0" encoding="UTF-8"?>
<!-- Generated by org.testng.reporters.JUnitXMLReporter -->
<testsuite hostname="DESKTOP-U2D6G6J" name="Default test" tests="3" failures="0" timestamp="3 Jun 2021 15:50:10 GMT" time="0.03" errors="0">
  <testcase name="start" time="0.004" classname="com.training.TestNGwithMaven.LoginTests"/>
  <testcase name="run" time="0.001" classname="com.training.TestNGwithMaven.LoginTests"/>
  <testcase name="stop" time="0.001" classname="com.training.TestNGwithMaven.LoginTests"/>
</testsuite> <!-- Default test -->
