<?xml version="1.0" encoding="UTF-8"?>
<testng-results skipped="0" failed="0" ignored="0" total="6" passed="6">
  <reporter-output>
  </reporter-output>
  <suite name="Default suite" duration-ms="159389" started-at="2021-06-18T21:25:30 IST" finished-at="2021-06-18T21:28:10 IST">
    <groups>
    </groups>
    <test name="Default test" duration-ms="159389" started-at="2021-06-18T21:25:30 IST" finished-at="2021-06-18T21:28:10 IST">
      <class name="com.docker.seleniumGrid.DockerGrid.TestClass2">
        <test-method status="PASS" signature="startDockerBatchFile()[pri:0, instance:com.docker.seleniumGrid.DockerGrid.TestClass2@32d2fa64]" name="startDockerBatchFile" is-config="true" duration-ms="60015" started-at="2021-06-18T21:24:30 IST" finished-at="2021-06-18T21:25:30 IST">
          <reporter-output>
          </reporter-output>
        </test-method> <!-- startDockerBatchFile -->
        <test-method status="PASS" signature="setSystemProperties()[pri:0, instance:com.docker.seleniumGrid.DockerGrid.TestClass2@32d2fa64]" name="setSystemProperties" is-config="true" duration-ms="0" started-at="2021-06-18T21:25:30 IST" finished-at="2021-06-18T21:25:30 IST">
          <reporter-output>
          </reporter-output>
        </test-method> <!-- setSystemProperties -->
        <test-method status="PASS" signature="Test1()[pri:0, instance:com.docker.seleniumGrid.DockerGrid.TestClass2@32d2fa64]" name="Test1" duration-ms="18843" started-at="2021-06-18T21:25:30 IST" finished-at="2021-06-18T21:25:49 IST">
          <reporter-output>
          </reporter-output>
        </test-method> <!-- Test1 -->
        <test-method status="PASS" signature="Test2()[pri:0, instance:com.docker.seleniumGrid.DockerGrid.TestClass2@32d2fa64]" name="Test2" duration-ms="7209" started-at="2021-06-18T21:25:49 IST" finished-at="2021-06-18T21:25:56 IST">
          <reporter-output>
          </reporter-output>
        </test-method> <!-- Test2 -->
        <test-method status="PASS" signature="Test3()[pri:0, instance:com.docker.seleniumGrid.DockerGrid.TestClass2@32d2fa64]" name="Test3" duration-ms="4611" started-at="2021-06-18T21:25:56 IST" finished-at="2021-06-18T21:26:01 IST">
          <reporter-output>
          </reporter-output>
        </test-method> <!-- Test3 -->
        <test-method status="PASS" signature="Test4()[pri:0, instance:com.docker.seleniumGrid.DockerGrid.TestClass2@32d2fa64]" name="Test4" duration-ms="22121" started-at="2021-06-18T21:26:01 IST" finished-at="2021-06-18T21:26:23 IST">
          <reporter-output>
          </reporter-output>
        </test-method> <!-- Test4 -->
        <test-method status="PASS" signature="Test5()[pri:0, instance:com.docker.seleniumGrid.DockerGrid.TestClass2@32d2fa64]" name="Test5" duration-ms="80508" started-at="2021-06-18T21:26:23 IST" finished-at="2021-06-18T21:27:44 IST">
          <reporter-output>
          </reporter-output>
        </test-method> <!-- Test5 -->
        <test-method status="PASS" signature="Test6()[pri:0, instance:com.docker.seleniumGrid.DockerGrid.TestClass2@32d2fa64]" name="Test6" duration-ms="26064" started-at="2021-06-18T21:27:44 IST" finished-at="2021-06-18T21:28:10 IST">
          <reporter-output>
          </reporter-output>
        </test-method> <!-- Test6 -->
        <test-method status="PASS" signature="stopBockerCompose()[pri:0, instance:com.docker.seleniumGrid.DockerGrid.TestClass2@32d2fa64]" name="stopBockerCompose" is-config="true" duration-ms="9" started-at="2021-06-18T21:28:10 IST" finished-at="2021-06-18T21:28:10 IST">
          <reporter-output>
          </reporter-output>
        </test-method> <!-- stopBockerCompose -->
      </class> <!-- com.docker.seleniumGrid.DockerGrid.TestClass2 -->
    </test> <!-- Default test -->
  </suite> <!-- Default suite -->
</testng-results>
