<?xml version="1.0" encoding="UTF-8"?>
<!-- Generated by org.testng.reporters.JUnitXMLReporter -->
<testsuite hostname="DESKTOP-U2D6G6J" ignored="0" name="Default test" tests="6" failures="0" timestamp="2021-06-18T21:28:10 IST" time="159.389" errors="0">
  <testcase name="Test1" time="18.843" classname="com.docker.seleniumGrid.DockerGrid.TestClass2"/>
  <testcase name="Test2" time="7.209" classname="com.docker.seleniumGrid.DockerGrid.TestClass2"/>
  <testcase name="Test3" time="4.611" classname="com.docker.seleniumGrid.DockerGrid.TestClass2"/>
  <testcase name="Test4" time="22.121" classname="com.docker.seleniumGrid.DockerGrid.TestClass2"/>
  <testcase name="Test5" time="80.508" classname="com.docker.seleniumGrid.DockerGrid.TestClass2"/>
  <testcase name="Test6" time="26.064" classname="com.docker.seleniumGrid.DockerGrid.TestClass2"/>
</testsuite> <!-- Default test -->
