<?xml version="1.0" encoding="UTF-8"?>
<!-- Generated by org.testng.reporters.JUnitXMLReporter -->
<testsuite hostname="DESKTOP-U2D6G6J" name="Test" tests="6" failures="0" timestamp="3 Jun 2021 15:51:16 GMT" time="0.029" errors="0">
  <testcase name="start" time="0.003" classname="com.training.TestNGwithMaven.LoginTests"/>
  <testcase name="start" time="0.001" classname="com.training.TestNGwithMaven.SecondTestClass"/>
  <testcase name="run" time="0.0" classname="com.training.TestNGwithMaven.LoginTests"/>
  <testcase name="run" time="0.007" classname="com.training.TestNGwithMaven.SecondTestClass"/>
  <testcase name="stop" time="0.001" classname="com.training.TestNGwithMaven.LoginTests"/>
  <testcase name="stop" time="0.0" classname="com.training.TestNGwithMaven.SecondTestClass"/>
</testsuite> <!-- Test -->
